#-----------------------------------------------------------
# Vivado v2018.3 (64-bit)
# SW Build 2405991 on Thu Dec  6 23:38:27 MST 2018
# IP Build 2404404 on Fri Dec  7 01:43:56 MST 2018
# Start of session at: Wed Jun 19 16:42:11 2024
# Process ID: 27840
# Current directory: C:/Users/Summer/Task3
# Command line: vivado.exe -gui_launcher_event rodinguilauncherevent31452 C:\Users\Summer\Task3\Task3.xpr
# Log file: C:/Users/Summer/Task3/vivado.log
# Journal file: C:/Users/Summer/Task3\vivado.jou
#-----------------------------------------------------------
start_gui
open_project C:/Users/Summer/Task3/Task3.xpr
Scanning sources...
Finished scanning sources
INFO: [IP_Flow 19-234] Refreshing IP repositories
INFO: [IP_Flow 19-1704] No user IP repositories specified
INFO: [IP_Flow 19-2313] Loaded Vivado IP repository 'C:/D/vivado/Vivado/2018.3/data/ip'.
open_project: Time (s): cpu = 00:00:04 ; elapsed = 00:00:09 . Memory (MB): peak = 839.664 ; gain = 218.637
exit
INFO: [Common 17-206] Exiting Vivado at Wed Jun 19 16:42:48 2024...
